<?xml version="1.0" encoding="UTF-8"?>
<testsuite xmlns:xsi="http://www.w3.org/2001/XMLSchema-instance" xsi:noNamespaceSchemaLocation="https://maven.apache.org/surefire/maven-surefire-plugin/xsd/surefire-test-report-3.0.xsd" version="3.0" name="tek.capstone.dragons.runner.TestRunner" time="305.505" tests="20" errors="1" skipped="0" failures="1">
  <properties>
[...]
</properties>
  <testcase name="Verify Shop by Department sidebar" classname="Retail Home Page" time="43.964">
    <system-out><![CDATA[
@Test
Scenario: Verify Shop by Department sidebar                    # features/Home.feature:9
 INFO [main] (SignInSteps.java:24)- User is on retail website
  Given User is on retail website                              # tek.capstone.dragons.steps.SignInSteps.userIsOnRetailWebsite()
 INFO [main] (HomeSteps.java:19)- user click on All section option successfully
  When User click on All section                               # tek.capstone.dragons.steps.HomeSteps.userClickOnAllSection()
  Then below options are present in Shop by Department sidebar # tek.capstone.dragons.steps.HomeSteps.belowOptionsArePresentInShopByDepartmentSidebar(io.cucumber.datatable.DataTable)
    | Electronics | Computers | Smart Home | Sports | Automative |
]]></system-out>
    <system-err><![CDATA[SLF4J: Failed to load class "org.slf4j.impl.StaticLoggerBinder".
SLF4J: Defaulting to no-operation (NOP) logger implementation
SLF4J: See http://www.slf4j.org/codes.html#StaticLoggerBinder for further details.
ERROR StatusLogger Log4j2 could not find a logging implementation. Please add log4j-core to the classpath. Using SimpleLogger to log to the console...
Starting ChromeDriver 114.0.5735.90 (386bc09e8f4f2e025eddae123f36f6263096ae49-refs/branch-heads/5735@{#1052}) on port 13791
Only local connections are allowed.
Please see https://chromedriver.chromium.org/security-considerations for suggestions on keeping ChromeDriver safe.
ChromeDriver was started successfully.
Jun 01, 2023 9:29:38 PM org.openqa.selenium.devtools.CdpVersionFinder findNearestMatch
WARNING: Unable to find an exact match for CDP version 114, so returning the closest version found: 111
]]></system-err>
  </testcase>
  <testcase name="Verify department sidebar options #1" classname="Retail Home Page" time="5.227">
    <system-out><![CDATA[
@Test
Scenario Outline: Verify department sidebar options        # features/Home.feature:22
 INFO [main] (SignInSteps.java:24)- User is on retail website
  Given User is on retail website                          # tek.capstone.dragons.steps.SignInSteps.userIsOnRetailWebsite()
 INFO [main] (HomeSteps.java:19)- user click on All section option successfully
  When User click on All section                           # tek.capstone.dragons.steps.HomeSteps.userClickOnAllSection()
  And User can see below options are present in department # tek.capstone.dragons.steps.HomeSteps.userCanSeeBelowOptionsArePresentInDepartment(io.cucumber.datatable.DataTable)
    | TV & Video | Video Games |
]]></system-out>
    <system-err><![CDATA[Starting ChromeDriver 114.0.5735.90 (386bc09e8f4f2e025eddae123f36f6263096ae49-refs/branch-heads/5735@{#1052}) on port 36160
Only local connections are allowed.
Please see https://chromedriver.chromium.org/security-considerations for suggestions on keeping ChromeDriver safe.
ChromeDriver was started successfully.
Jun 01, 2023 9:29:43 PM org.openqa.selenium.devtools.CdpVersionFinder findNearestMatch
WARNING: Unable to find an exact match for CDP version 114, so returning the closest version found: 111
]]></system-err>
  </testcase>
  <testcase name="Verify department sidebar options #2" classname="Retail Home Page" time="3.653">
    <system-out><![CDATA[
@Test
Scenario Outline: Verify department sidebar options        # features/Home.feature:23
 INFO [main] (SignInSteps.java:24)- User is on retail website
  Given User is on retail website                          # tek.capstone.dragons.steps.SignInSteps.userIsOnRetailWebsite()
 INFO [main] (HomeSteps.java:19)- user click on All section option successfully
  When User click on All section                           # tek.capstone.dragons.steps.HomeSteps.userClickOnAllSection()
  And User can see below options are present in department # tek.capstone.dragons.steps.HomeSteps.userCanSeeBelowOptionsArePresentInDepartment(io.cucumber.datatable.DataTable)
    | Accessories | Networking |
]]></system-out>
    <system-err><![CDATA[Starting ChromeDriver 114.0.5735.90 (386bc09e8f4f2e025eddae123f36f6263096ae49-refs/branch-heads/5735@{#1052}) on port 5639
Only local connections are allowed.
Please see https://chromedriver.chromium.org/security-considerations for suggestions on keeping ChromeDriver safe.
ChromeDriver was started successfully.
Jun 01, 2023 9:29:48 PM org.openqa.selenium.devtools.CdpVersionFinder findNearestMatch
WARNING: Unable to find an exact match for CDP version 114, so returning the closest version found: 111
]]></system-err>
  </testcase>
  <testcase name="Verify department sidebar options #3" classname="Retail Home Page" time="3.642">
    <system-out><![CDATA[
@Test
Scenario Outline: Verify department sidebar options        # features/Home.feature:24
 INFO [main] (SignInSteps.java:24)- User is on retail website
  Given User is on retail website                          # tek.capstone.dragons.steps.SignInSteps.userIsOnRetailWebsite()
 INFO [main] (HomeSteps.java:19)- user click on All section option successfully
  When User click on All section                           # tek.capstone.dragons.steps.HomeSteps.userClickOnAllSection()
  And User can see below options are present in department # tek.capstone.dragons.steps.HomeSteps.userCanSeeBelowOptionsArePresentInDepartment(io.cucumber.datatable.DataTable)
    | Smart Home Lightning | Plugs and Outlets |
]]></system-out>
    <system-err><![CDATA[Starting ChromeDriver 114.0.5735.90 (386bc09e8f4f2e025eddae123f36f6263096ae49-refs/branch-heads/5735@{#1052}) on port 13390
Only local connections are allowed.
Please see https://chromedriver.chromium.org/security-considerations for suggestions on keeping ChromeDriver safe.
ChromeDriver was started successfully.
Jun 01, 2023 9:29:51 PM org.openqa.selenium.devtools.CdpVersionFinder findNearestMatch
WARNING: Unable to find an exact match for CDP version 114, so returning the closest version found: 111
]]></system-err>
  </testcase>
  <testcase name="Verify department sidebar options #4" classname="Retail Home Page" time="3.669">
    <system-out><![CDATA[
@Test
Scenario Outline: Verify department sidebar options        # features/Home.feature:25
 INFO [main] (SignInSteps.java:24)- User is on retail website
  Given User is on retail website                          # tek.capstone.dragons.steps.SignInSteps.userIsOnRetailWebsite()
 INFO [main] (HomeSteps.java:19)- user click on All section option successfully
  When User click on All section                           # tek.capstone.dragons.steps.HomeSteps.userClickOnAllSection()
  And User can see below options are present in department # tek.capstone.dragons.steps.HomeSteps.userCanSeeBelowOptionsArePresentInDepartment(io.cucumber.datatable.DataTable)
    | Athletic Clothing | Exercise & Fitness |
]]></system-out>
    <system-err><![CDATA[Starting ChromeDriver 114.0.5735.90 (386bc09e8f4f2e025eddae123f36f6263096ae49-refs/branch-heads/5735@{#1052}) on port 38071
Only local connections are allowed.
Please see https://chromedriver.chromium.org/security-considerations for suggestions on keeping ChromeDriver safe.
ChromeDriver was started successfully.
Jun 01, 2023 9:29:55 PM org.openqa.selenium.devtools.CdpVersionFinder findNearestMatch
WARNING: Unable to find an exact match for CDP version 114, so returning the closest version found: 111
]]></system-err>
  </testcase>
  <testcase name="Verify department sidebar options #5" classname="Retail Home Page" time="5.018">
    <system-out><![CDATA[
@Test
Scenario Outline: Verify department sidebar options        # features/Home.feature:26
 INFO [main] (SignInSteps.java:24)- User is on retail website
  Given User is on retail website                          # tek.capstone.dragons.steps.SignInSteps.userIsOnRetailWebsite()
 INFO [main] (HomeSteps.java:19)- user click on All section option successfully
  When User click on All section                           # tek.capstone.dragons.steps.HomeSteps.userClickOnAllSection()
  And User can see below options are present in department # tek.capstone.dragons.steps.HomeSteps.userCanSeeBelowOptionsArePresentInDepartment(io.cucumber.datatable.DataTable)
    | Automative Parts & Accessories | MotorCycle & Powersports |
]]></system-out>
    <system-err><![CDATA[Starting ChromeDriver 114.0.5735.90 (386bc09e8f4f2e025eddae123f36f6263096ae49-refs/branch-heads/5735@{#1052}) on port 25000
Only local connections are allowed.
Please see https://chromedriver.chromium.org/security-considerations for suggestions on keeping ChromeDriver safe.
ChromeDriver was started successfully.
Jun 01, 2023 9:29:59 PM org.openqa.selenium.devtools.CdpVersionFinder findNearestMatch
WARNING: Unable to find an exact match for CDP version 114, so returning the closest version found: 111
]]></system-err>
  </testcase>
  <testcase name="Verify User can update Profile Information" classname="Retail Account Page" time="10.885">
    <system-out><![CDATA[
@Test
Scenario: Verify User can update Profile Information              # features/RetailAccount.feature:12
 INFO [main] (SignInSteps.java:24)- User is on retail website
  Given User is on retail website                                 # tek.capstone.dragons.steps.SignInSteps.userIsOnRetailWebsite()
 INFO [main] (SignInSteps.java:31)- User clicked on signin option successfully
  When User click on Sign in option                               # tek.capstone.dragons.steps.SignInSteps.userClickOnSignInOption()
 INFO [main] (SignInSteps.java:40)- bn200@gmail.comemail was entered successfully
 INFO [main] (SignInSteps.java:41)- Bahar@123password was entered successfully
  And User enter email 'bn200@gmail.com' and password 'Bahar@123' # tek.capstone.dragons.steps.SignInSteps.userEnterEmailAndPassword(java.lang.String,java.lang.String)
 INFO [main] (SignInSteps.java:48)- user was able to login successfully
  And User click on login button                                  # tek.capstone.dragons.steps.SignInSteps.userClickOnLoginButton()
 INFO [main] (SignInSteps.java:57)- user was able to see the Account and lohout option
  And User should be logged in into Account                       # tek.capstone.dragons.steps.SignInSteps.userShouldBeLoggedInIntoAccount()
 INFO [main] (RetailAccountSteps.java:21)- User was able to click on account option
  And User click on Account option                                # tek.capstone.dragons.steps.RetailAccountSteps.userClickOnAccountOption()
 INFO [main] (RetailAccountSteps.java:31)- Bahara5714627777 user was able to enter the values
  And User update Name 'Bahara' and Phone '5714627777'            # tek.capstone.dragons.steps.RetailAccountSteps.userUpdateNameAndPhone(java.lang.String,java.lang.String)
 INFO [main] (RetailAccountSteps.java:37)- User was able to click on update button successfully
  And User click on Update button                                 # tek.capstone.dragons.steps.RetailAccountSteps.userClickOnUpdateButton()
 INFO [main] (RetailAccountSteps.java:43)- User profile information has been upadted
  Then user profile information should be updated                 # tek.capstone.dragons.steps.RetailAccountSteps.userProfileInformationShouldBeUpdated()
]]></system-out>
    <system-err><![CDATA[Starting ChromeDriver 114.0.5735.90 (386bc09e8f4f2e025eddae123f36f6263096ae49-refs/branch-heads/5735@{#1052}) on port 4797
Only local connections are allowed.
Please see https://chromedriver.chromium.org/security-considerations for suggestions on keeping ChromeDriver safe.
ChromeDriver was started successfully.
Jun 01, 2023 9:30:04 PM org.openqa.selenium.devtools.CdpVersionFinder findNearestMatch
WARNING: Unable to find an exact match for CDP version 114, so returning the closest version found: 111
]]></system-err>
  </testcase>
  <testcase name="Verify User can add a payment method" classname="Retail Account Page" time="21.367">
    <failure message="expected:&lt;...ent Method added suc[]essfully&gt; but was:&lt;...ent Method added suc[c]essfully&gt;" type="org.junit.ComparisonFailure"><![CDATA[org.junit.ComparisonFailure: expected:<...ent Method added suc[]essfully> but was:<...ent Method added suc[c]essfully>
	at org.junit.Assert.assertEquals(Assert.java:117)
	at org.junit.Assert.assertEquals(Assert.java:146)
	at tek.capstone.dragons.steps.RetailAccountSteps.messageShouldBeDisplayed(RetailAccountSteps.java:76)
	at ✽.message should be displayed 'Payment Method added successfully'(classpath:features/RetailAccount.feature:24)
]]></failure>
    <system-out><![CDATA[
@Test
Scenario: Verify User can add a payment method                         # features/RetailAccount.feature:17
 INFO [main] (SignInSteps.java:24)- User is on retail website
  Given User is on retail website                                      # tek.capstone.dragons.steps.SignInSteps.userIsOnRetailWebsite()
 INFO [main] (SignInSteps.java:31)- User clicked on signin option successfully
  When User click on Sign in option                                    # tek.capstone.dragons.steps.SignInSteps.userClickOnSignInOption()
 INFO [main] (SignInSteps.java:40)- bn200@gmail.comemail was entered successfully
 INFO [main] (SignInSteps.java:41)- Bahar@123password was entered successfully
  And User enter email 'bn200@gmail.com' and password 'Bahar@123'      # tek.capstone.dragons.steps.SignInSteps.userEnterEmailAndPassword(java.lang.String,java.lang.String)
 INFO [main] (SignInSteps.java:48)- user was able to login successfully
  And User click on login button                                       # tek.capstone.dragons.steps.SignInSteps.userClickOnLoginButton()
 INFO [main] (SignInSteps.java:57)- user was able to see the Account and lohout option
  And User should be logged in into Account                            # tek.capstone.dragons.steps.SignInSteps.userShouldBeLoggedInIntoAccount()
 INFO [main] (RetailAccountSteps.java:21)- User was able to click on account option
  And User click on Account option                                     # tek.capstone.dragons.steps.RetailAccountSteps.userClickOnAccountOption()
 INFO [main] (RetailAccountSteps.java:21)- User was able to click on account option
  When User click on Account option                                    # tek.capstone.dragons.steps.RetailAccountSteps.userClickOnAccountOption()
 INFO [main] (RetailAccountSteps.java:50)- User was able to click on add a payment link successfully
  And User click on Add a payment method link                          # tek.capstone.dragons.steps.RetailAccountSteps.userClickOnAddAPaymentMethodLink()
 INFO [main] (RetailAccountSteps.java:62)- Card information has entered successfully
  And User fill Debit or credit card information                       # tek.capstone.dragons.steps.RetailAccountSteps.userFillDebitOrCreditCardInformation(io.cucumber.datatable.DataTable)
    | cardNumber       | nameOnCard | expirationMonth | expirationYear | securityCode |
    | 1100771030091245 | john       | 11              | 2028           | 760          |
 INFO [main] (RetailAccountSteps.java:70)- user was able to click on payment submition button
  And User click on Add your card button                               # tek.capstone.dragons.steps.RetailAccountSteps.userClickOnAddYourCardButton()
  Then message should be displayed 'Payment Method added successfully' # tek.capstone.dragons.steps.RetailAccountSteps.messageShouldBeDisplayed(java.lang.String)
      org.junit.ComparisonFailure: expected:<...ent Method added suc[]essfully> but was:<...ent Method added suc[c]essfully>
	at org.junit.Assert.assertEquals(Assert.java:117)
	at org.junit.Assert.assertEquals(Assert.java:146)
	at tek.capstone.dragons.steps.RetailAccountSteps.messageShouldBeDisplayed(RetailAccountSteps.java:76)
	at ✽.message should be displayed 'Payment Method added successfully'(classpath:features/RetailAccount.feature:24)


    Embedding Verify User can add a payment methodscenario failed [image/png 132491 bytes]

]]></system-out>
    <system-err><![CDATA[Starting ChromeDriver 114.0.5735.90 (386bc09e8f4f2e025eddae123f36f6263096ae49-refs/branch-heads/5735@{#1052}) on port 24959
Only local connections are allowed.
Please see https://chromedriver.chromium.org/security-considerations for suggestions on keeping ChromeDriver safe.
ChromeDriver was started successfully.
Jun 01, 2023 9:30:15 PM org.openqa.selenium.devtools.CdpVersionFinder findNearestMatch
WARNING: Unable to find an exact match for CDP version 114, so returning the closest version found: 111
]]></system-err>
  </testcase>
  <testcase name="Verify User can edit Debit or Credit card" classname="Retail Account Page" time="14.571">
    <system-out><![CDATA[
@Test
Scenario: Verify User can edit Debit or Credit card                        # features/RetailAccount.feature:26
 INFO [main] (SignInSteps.java:24)- User is on retail website
  Given User is on retail website                                          # tek.capstone.dragons.steps.SignInSteps.userIsOnRetailWebsite()
 INFO [main] (SignInSteps.java:31)- User clicked on signin option successfully
  When User click on Sign in option                                        # tek.capstone.dragons.steps.SignInSteps.userClickOnSignInOption()
 INFO [main] (SignInSteps.java:40)- bn200@gmail.comemail was entered successfully
 INFO [main] (SignInSteps.java:41)- Bahar@123password was entered successfully
  And User enter email 'bn200@gmail.com' and password 'Bahar@123'          # tek.capstone.dragons.steps.SignInSteps.userEnterEmailAndPassword(java.lang.String,java.lang.String)
 INFO [main] (SignInSteps.java:48)- user was able to login successfully
  And User click on login button                                           # tek.capstone.dragons.steps.SignInSteps.userClickOnLoginButton()
 INFO [main] (SignInSteps.java:57)- user was able to see the Account and lohout option
  And User should be logged in into Account                                # tek.capstone.dragons.steps.SignInSteps.userShouldBeLoggedInIntoAccount()
 INFO [main] (RetailAccountSteps.java:21)- User was able to click on account option
  And User click on Account option                                         # tek.capstone.dragons.steps.RetailAccountSteps.userClickOnAccountOption()
 INFO [main] (RetailAccountSteps.java:84)- edit button was clicked
  And User click on Edit option of card section                            # tek.capstone.dragons.steps.RetailAccountSteps.userClickOnEditOptionOfCardSection()
 INFO [main] (RetailAccountSteps.java:103)- The information was updated successfully
  And user edit information with below data                                # tek.capstone.dragons.steps.RetailAccountSteps.userEditInformationWithBelowData(io.cucumber.datatable.DataTable)
    | cardNumber       | nameOnCard | expirationMonth | expirationYear | securityCode |
    | 2200771030091245 | Bahara     | 9               | 2025           | 550          |
 INFO [main] (RetailAccountSteps.java:110)- button was clicked successfully
  And user click on Update Your Card button                                # tek.capstone.dragons.steps.RetailAccountSteps.userClickOnUpdateYourCardButton()
 INFO [main] (RetailAccountSteps.java:117)- Payment Method updated Successfully message was dispalyed
  Then a message should be displayed 'Payment Method updated Successfully' # tek.capstone.dragons.steps.RetailAccountSteps.aMessageShouldBeDisplayed(java.lang.String)
]]></system-out>
    <system-err><![CDATA[Starting ChromeDriver 114.0.5735.90 (386bc09e8f4f2e025eddae123f36f6263096ae49-refs/branch-heads/5735@{#1052}) on port 34753
Only local connections are allowed.
Please see https://chromedriver.chromium.org/security-considerations for suggestions on keeping ChromeDriver safe.
ChromeDriver was started successfully.
Jun 01, 2023 9:30:36 PM org.openqa.selenium.devtools.CdpVersionFinder findNearestMatch
WARNING: Unable to find an exact match for CDP version 114, so returning the closest version found: 111
]]></system-err>
  </testcase>
  <testcase name="Verify User can remove Debit or Credit card" classname="Retail Account Page" time="10.528">
    <system-out><![CDATA[
@Test
Scenario: Verify User can remove Debit or Credit card             # features/RetailAccount.feature:34
 INFO [main] (SignInSteps.java:24)- User is on retail website
  Given User is on retail website                                 # tek.capstone.dragons.steps.SignInSteps.userIsOnRetailWebsite()
 INFO [main] (SignInSteps.java:31)- User clicked on signin option successfully
  When User click on Sign in option                               # tek.capstone.dragons.steps.SignInSteps.userClickOnSignInOption()
 INFO [main] (SignInSteps.java:40)- bn200@gmail.comemail was entered successfully
 INFO [main] (SignInSteps.java:41)- Bahar@123password was entered successfully
  And User enter email 'bn200@gmail.com' and password 'Bahar@123' # tek.capstone.dragons.steps.SignInSteps.userEnterEmailAndPassword(java.lang.String,java.lang.String)
 INFO [main] (SignInSteps.java:48)- user was able to login successfully
  And User click on login button                                  # tek.capstone.dragons.steps.SignInSteps.userClickOnLoginButton()
 INFO [main] (SignInSteps.java:57)- user was able to see the Account and lohout option
  And User should be logged in into Account                       # tek.capstone.dragons.steps.SignInSteps.userShouldBeLoggedInIntoAccount()
 INFO [main] (RetailAccountSteps.java:21)- User was able to click on account option
  And User click on Account option                                # tek.capstone.dragons.steps.RetailAccountSteps.userClickOnAccountOption()
 INFO [main] (RetailAccountSteps.java:124)- User was able to click on remove button successfully
  And User click on remove option of card section                 # tek.capstone.dragons.steps.RetailAccountSteps.userClickOnRemoveOptionOfCardSection()
 INFO [main] (RetailAccountSteps.java:130)- Card removed successfully
  Then payment details should be removed                          # tek.capstone.dragons.steps.RetailAccountSteps.paymentDetailsShouldBeRemoved()
]]></system-out>
    <system-err><![CDATA[Starting ChromeDriver 114.0.5735.90 (386bc09e8f4f2e025eddae123f36f6263096ae49-refs/branch-heads/5735@{#1052}) on port 22131
Only local connections are allowed.
Please see https://chromedriver.chromium.org/security-considerations for suggestions on keeping ChromeDriver safe.
ChromeDriver was started successfully.
Jun 01, 2023 9:30:51 PM org.openqa.selenium.devtools.CdpVersionFinder findNearestMatch
WARNING: Unable to find an exact match for CDP version 114, so returning the closest version found: 111
]]></system-err>
  </testcase>
  <testcase name="Verify User can add an Address" classname="Retail Account Page" time="15.551">
    <system-out><![CDATA[
@Test
Scenario: Verify User can add an Address                          # features/RetailAccount.feature:38
 INFO [main] (SignInSteps.java:24)- User is on retail website
  Given User is on retail website                                 # tek.capstone.dragons.steps.SignInSteps.userIsOnRetailWebsite()
 INFO [main] (SignInSteps.java:31)- User clicked on signin option successfully
  When User click on Sign in option                               # tek.capstone.dragons.steps.SignInSteps.userClickOnSignInOption()
 INFO [main] (SignInSteps.java:40)- bn200@gmail.comemail was entered successfully
 INFO [main] (SignInSteps.java:41)- Bahar@123password was entered successfully
  And User enter email 'bn200@gmail.com' and password 'Bahar@123' # tek.capstone.dragons.steps.SignInSteps.userEnterEmailAndPassword(java.lang.String,java.lang.String)
 INFO [main] (SignInSteps.java:48)- user was able to login successfully
  And User click on login button                                  # tek.capstone.dragons.steps.SignInSteps.userClickOnLoginButton()
 INFO [main] (SignInSteps.java:57)- user was able to see the Account and lohout option
  And User should be logged in into Account                       # tek.capstone.dragons.steps.SignInSteps.userShouldBeLoggedInIntoAccount()
 INFO [main] (RetailAccountSteps.java:21)- User was able to click on account option
  And User click on Account option                                # tek.capstone.dragons.steps.RetailAccountSteps.userClickOnAccountOption()
 INFO [main] (RetailAccountSteps.java:137)- add method option clicked successfully
  And User click on Add address option                            # tek.capstone.dragons.steps.RetailAccountSteps.userClickOnAddAddressOption()
 INFO [main] (RetailAccountSteps.java:152)- User was able to add address successfully
  And user fill new address form with below information           # tek.capstone.dragons.steps.RetailAccountSteps.userFillNewAddressFormWithBelowInformation(io.cucumber.datatable.DataTable)
    | country       | fullName     | phoneNumber | streetAddress | apt | city       | state    | zipCode |
    | United States | Bahara Niazi | 5714268798  | circle Drive  | 345 | woodbridge | Virginia | 22912   |
 INFO [main] (RetailAccountSteps.java:159)- the address button was cliked
  And User click Add Your Address button                          # tek.capstone.dragons.steps.RetailAccountSteps.userClickAddYourAddressButton()
 INFO [main] (RetailAccountSteps.java:166)- Address Added Successfully message displayed
  Then a message should displayed 'Address Added Successfully'    # tek.capstone.dragons.steps.RetailAccountSteps.aMessageShouldDisplayed(java.lang.String)
]]></system-out>
    <system-err><![CDATA[Starting ChromeDriver 114.0.5735.90 (386bc09e8f4f2e025eddae123f36f6263096ae49-refs/branch-heads/5735@{#1052}) on port 20579
Only local connections are allowed.
Please see https://chromedriver.chromium.org/security-considerations for suggestions on keeping ChromeDriver safe.
ChromeDriver was started successfully.
Jun 01, 2023 9:31:01 PM org.openqa.selenium.devtools.CdpVersionFinder findNearestMatch
WARNING: Unable to find an exact match for CDP version 114, so returning the closest version found: 111
]]></system-err>
  </testcase>
  <testcase name="Verify User can edit an Address added on account" classname="Retail Account Page" time="21.687">
    <system-out><![CDATA[
@Test
Scenario: Verify User can edit an Address added on account        # features/RetailAccount.feature:46
 INFO [main] (SignInSteps.java:24)- User is on retail website
  Given User is on retail website                                 # tek.capstone.dragons.steps.SignInSteps.userIsOnRetailWebsite()
 INFO [main] (SignInSteps.java:31)- User clicked on signin option successfully
  When User click on Sign in option                               # tek.capstone.dragons.steps.SignInSteps.userClickOnSignInOption()
 INFO [main] (SignInSteps.java:40)- bn200@gmail.comemail was entered successfully
 INFO [main] (SignInSteps.java:41)- Bahar@123password was entered successfully
  And User enter email 'bn200@gmail.com' and password 'Bahar@123' # tek.capstone.dragons.steps.SignInSteps.userEnterEmailAndPassword(java.lang.String,java.lang.String)
 INFO [main] (SignInSteps.java:48)- user was able to login successfully
  And User click on login button                                  # tek.capstone.dragons.steps.SignInSteps.userClickOnLoginButton()
 INFO [main] (SignInSteps.java:57)- user was able to see the Account and lohout option
  And User should be logged in into Account                       # tek.capstone.dragons.steps.SignInSteps.userShouldBeLoggedInIntoAccount()
 INFO [main] (RetailAccountSteps.java:21)- User was able to click on account option
  And User click on Account option                                # tek.capstone.dragons.steps.RetailAccountSteps.userClickOnAccountOption()
 INFO [main] (RetailAccountSteps.java:173)- edit address button was clicked successfully
  And User click on edit address option                           # tek.capstone.dragons.steps.RetailAccountSteps.userClickOnEditAddressOption()
 INFO [main] (RetailAccountSteps.java:195)- The information has been apdated
  And user eidt new address form with below information           # tek.capstone.dragons.steps.RetailAccountSteps.userEidtNewAddressFormWithBelowInformation(io.cucumber.datatable.DataTable)
    | country       | fullName | phoneNumber | streetAddress | apt | city        | state    | zipCode |
    | United States | BN       | 5714268888  | taxi          | 22  | Alexandaria | Virginia | 22019   |
 INFO [main] (RetailAccountSteps.java:202)- The butto was clicked successfully
  And User click update Your Address button                       # tek.capstone.dragons.steps.RetailAccountSteps.userClickUpdateYourAddressButton()
 INFO [main] (RetailAccountSteps.java:208)- Address Updated Successfully message was dispalyed
  Then a message should be display 'Address Updated Successfully' # tek.capstone.dragons.steps.RetailAccountSteps.aMessageShouldBeDisplay(java.lang.String)
]]></system-out>
    <system-err><![CDATA[Starting ChromeDriver 114.0.5735.90 (386bc09e8f4f2e025eddae123f36f6263096ae49-refs/branch-heads/5735@{#1052}) on port 41721
Only local connections are allowed.
Please see https://chromedriver.chromium.org/security-considerations for suggestions on keeping ChromeDriver safe.
ChromeDriver was started successfully.
Jun 01, 2023 9:31:17 PM org.openqa.selenium.devtools.CdpVersionFinder findNearestMatch
WARNING: Unable to find an exact match for CDP version 114, so returning the closest version found: 111
]]></system-err>
  </testcase>
  <testcase name="Verify User can remove Address from Account" classname="Retail Account Page" time="11.866">
    <system-out><![CDATA[
@Test
Scenario: Verify User can remove Address from Account             # features/RetailAccount.feature:54
 INFO [main] (SignInSteps.java:24)- User is on retail website
  Given User is on retail website                                 # tek.capstone.dragons.steps.SignInSteps.userIsOnRetailWebsite()
 INFO [main] (SignInSteps.java:31)- User clicked on signin option successfully
  When User click on Sign in option                               # tek.capstone.dragons.steps.SignInSteps.userClickOnSignInOption()
 INFO [main] (SignInSteps.java:40)- bn200@gmail.comemail was entered successfully
 INFO [main] (SignInSteps.java:41)- Bahar@123password was entered successfully
  And User enter email 'bn200@gmail.com' and password 'Bahar@123' # tek.capstone.dragons.steps.SignInSteps.userEnterEmailAndPassword(java.lang.String,java.lang.String)
 INFO [main] (SignInSteps.java:48)- user was able to login successfully
  And User click on login button                                  # tek.capstone.dragons.steps.SignInSteps.userClickOnLoginButton()
 INFO [main] (SignInSteps.java:57)- user was able to see the Account and lohout option
  And User should be logged in into Account                       # tek.capstone.dragons.steps.SignInSteps.userShouldBeLoggedInIntoAccount()
 INFO [main] (RetailAccountSteps.java:21)- User was able to click on account option
  And User click on Account option                                # tek.capstone.dragons.steps.RetailAccountSteps.userClickOnAccountOption()
 INFO [main] (RetailAccountSteps.java:216)- Remove Address button clicked
  And User click on remove option of Address section              # tek.capstone.dragons.steps.RetailAccountSteps.userClickOnRemoveOptionOfAddressSection()
 INFO [main] (RetailAccountSteps.java:222)- Address removed
  Then Address details should be removed                          # tek.capstone.dragons.steps.RetailAccountSteps.addressDetailsShouldBeRemoved()
]]></system-out>
    <system-err><![CDATA[Starting ChromeDriver 114.0.5735.90 (386bc09e8f4f2e025eddae123f36f6263096ae49-refs/branch-heads/5735@{#1052}) on port 49077
Only local connections are allowed.
Please see https://chromedriver.chromium.org/security-considerations for suggestions on keeping ChromeDriver safe.
ChromeDriver was started successfully.
Jun 01, 2023 9:31:38 PM org.openqa.selenium.devtools.CdpVersionFinder findNearestMatch
WARNING: Unable to find an exact match for CDP version 114, so returning the closest version found: 111
]]></system-err>
  </testcase>
  <testcase name="Verify User can add an item to cart" classname="Retail Order Page" time="16.693">
    <system-out><![CDATA[
@Test
Scenario: Verify User can add an item to cart                     # features/RetailOrder.feature:8
 INFO [main] (SignInSteps.java:24)- User is on retail website
  Given User is on retail website                                 # tek.capstone.dragons.steps.SignInSteps.userIsOnRetailWebsite()
 INFO [main] (SignInSteps.java:31)- User clicked on signin option successfully
  When User click on Sign in option                               # tek.capstone.dragons.steps.SignInSteps.userClickOnSignInOption()
 INFO [main] (SignInSteps.java:40)- bn200@gmail.comemail was entered successfully
 INFO [main] (SignInSteps.java:41)- Bahar@123password was entered successfully
  And User enter email 'bn200@gmail.com' and password 'Bahar@123' # tek.capstone.dragons.steps.SignInSteps.userEnterEmailAndPassword(java.lang.String,java.lang.String)
 INFO [main] (SignInSteps.java:48)- user was able to login successfully
  And User click on login button                                  # tek.capstone.dragons.steps.SignInSteps.userClickOnLoginButton()
 INFO [main] (SignInSteps.java:57)- user was able to see the Account and lohout option
  And User should be logged in into Account                       # tek.capstone.dragons.steps.SignInSteps.userShouldBeLoggedInIntoAccount()
 INFO [main] (RetailOrderSteps.java:18)- user was able to change the categgory to Smart Home
  And User change the category to 'Smart Home'                    # tek.capstone.dragons.steps.RetailOrderSteps.userChangeTheCategoryTo(java.lang.String)
 INFO [main] (RetailOrderSteps.java:25)- User was able to search for the item kasa outdoor smart plug
  And User search for an item 'kasa outdoor smart plug'           # tek.capstone.dragons.steps.RetailOrderSteps.userSearchForAnItem(java.lang.String)
 INFO [main] (RetailOrderSteps.java:32)- search button was clicked successfully
  And User click on Search icon                                   # tek.capstone.dragons.steps.RetailOrderSteps.userClickOnSearchIcon()
 INFO [main] (RetailOrderSteps.java:38)- User clicked the item successfully
  And User click on item                                          # tek.capstone.dragons.steps.RetailOrderSteps.userClickOnItem()
 INFO [main] (RetailOrderSteps.java:46)- 2 was selected
  And User select quantity '2'                                    # tek.capstone.dragons.steps.RetailOrderSteps.userSelectQuantity(java.lang.String)
 INFO [main] (RetailOrderSteps.java:52)- User added to cart successfully
  And User click add to Cart button                               # tek.capstone.dragons.steps.RetailOrderSteps.userClickAddToCartButton()
 INFO [main] (RetailOrderSteps.java:59)- User was able to change the quantity2
  Then the cart icon quantity should change to '2'                # tek.capstone.dragons.steps.RetailOrderSteps.theCartIconQuantityShouldChangeTo(java.lang.String)
 INFO [main] (RetailOrderSteps.java:67)- user delete the item
  Then user delete the item                                       # tek.capstone.dragons.steps.RetailOrderSteps.userDeleteTheItem()
]]></system-out>
    <system-err><![CDATA[Starting ChromeDriver 114.0.5735.90 (386bc09e8f4f2e025eddae123f36f6263096ae49-refs/branch-heads/5735@{#1052}) on port 6794
Only local connections are allowed.
Please see https://chromedriver.chromium.org/security-considerations for suggestions on keeping ChromeDriver safe.
ChromeDriver was started successfully.
Jun 01, 2023 9:31:50 PM org.openqa.selenium.devtools.CdpVersionFinder findNearestMatch
WARNING: Unable to find an exact match for CDP version 114, so returning the closest version found: 111
]]></system-err>
  </testcase>
  <testcase name="Verify User can place an order with Shipping address and payment Method on file​​​​​​​" classname="Retail Order Page" time="15.582">
    <system-out><![CDATA[
@Test
Scenario: Verify User can place an order with Shipping address and payment Method on file​​​​​​​ # features/RetailOrder.feature:21
 INFO [main] (SignInSteps.java:24)- User is on retail website
  Given User is on retail website                                                                # tek.capstone.dragons.steps.SignInSteps.userIsOnRetailWebsite()
 INFO [main] (SignInSteps.java:31)- User clicked on signin option successfully
  When User click on Sign in option                                                              # tek.capstone.dragons.steps.SignInSteps.userClickOnSignInOption()
 INFO [main] (SignInSteps.java:40)- bn300@gmail.comemail was entered successfully
 INFO [main] (SignInSteps.java:41)- Bahar@123password was entered successfully
  And User enter email 'bn300@gmail.com' and password 'Bahar@123'                                # tek.capstone.dragons.steps.SignInSteps.userEnterEmailAndPassword(java.lang.String,java.lang.String)
 INFO [main] (SignInSteps.java:48)- user was able to login successfully
  And User click on login button                                                                 # tek.capstone.dragons.steps.SignInSteps.userClickOnLoginButton()
 INFO [main] (SignInSteps.java:57)- user was able to see the Account and lohout option
  And User should be logged in into Account                                                      # tek.capstone.dragons.steps.SignInSteps.userShouldBeLoggedInIntoAccount()
 INFO [main] (RetailOrderSteps.java:85)- user was able to change the categgory to Electronics
  And User change the category to the 'Electronics'                                              # tek.capstone.dragons.steps.RetailOrderSteps.userChangeTheCategoryToThe(java.lang.String)
 INFO [main] (RetailOrderSteps.java:93)- User was able to search for the item Apex Legends
  And User search for the item 'Apex Legends'                                                    # tek.capstone.dragons.steps.RetailOrderSteps.userSearchForTheItem(java.lang.String)
 INFO [main] (RetailOrderSteps.java:100)- search button was clicked successfully
  And User click on the Search icon                                                              # tek.capstone.dragons.steps.RetailOrderSteps.userClickOnTheSearchIcon()
 INFO [main] (RetailOrderSteps.java:106)- User clicked the item successfully
  And User click on the item                                                                     # tek.capstone.dragons.steps.RetailOrderSteps.userClickOnTheItem()
 INFO [main] (RetailOrderSteps.java:113)- 5 was selected
  And User select the quantity '5'                                                               # tek.capstone.dragons.steps.RetailOrderSteps.userSelectTheQuantity(java.lang.String)
 INFO [main] (RetailOrderSteps.java:119)- User added to cart successfully
  And User click add to the Cart button                                                          # tek.capstone.dragons.steps.RetailOrderSteps.userClickAddToTheCartButton()
 INFO [main] (RetailOrderSteps.java:126)- User was able to change the quantity5
  Then the cart icon quantity should be change to '5'                                            # tek.capstone.dragons.steps.RetailOrderSteps.theCartIconQuantityShouldBeChangeTo(java.lang.String)
 INFO [main] (RetailOrderSteps.java:132)- User was able to click on cart option successfully
  And User click on Cart option                                                                  # tek.capstone.dragons.steps.RetailOrderSteps.userClickOnCartOption()
 INFO [main] (RetailOrderSteps.java:138)- User was able to click on Proceed to Checkout button successfully
  And User click on Proceed to Checkout button                                                   # tek.capstone.dragons.steps.RetailOrderSteps.userClickOnProceedToCheckoutButton()
 INFO [main] (RetailOrderSteps.java:144)- User was able to click on Place Your Order successfully 
  And User click on Place Your Order                                                             # tek.capstone.dragons.steps.RetailOrderSteps.userClickOnPlaceYourOrder()
 INFO [main] (RetailOrderSteps.java:151)- User was able to see the message
  Then a message should be displayed ‘Order Placed, Thanks                                       # tek.capstone.dragons.steps.RetailOrderSteps.aMessageShouldBeDisplayedOrderPlacedThanks()
]]></system-out>
    <system-err><![CDATA[Starting ChromeDriver 114.0.5735.90 (386bc09e8f4f2e025eddae123f36f6263096ae49-refs/branch-heads/5735@{#1052}) on port 39642
Only local connections are allowed.
Please see https://chromedriver.chromium.org/security-considerations for suggestions on keeping ChromeDriver safe.
ChromeDriver was started successfully.
Jun 01, 2023 9:32:07 PM org.openqa.selenium.devtools.CdpVersionFinder findNearestMatch
WARNING: Unable to find an exact match for CDP version 114, so returning the closest version found: 111
]]></system-err>
  </testcase>
  <testcase name="Verify User can cancel the order" classname="Retail Order Page" time="12.572">
    <system-out><![CDATA[
@Test
Scenario: Verify User can cancel the order                                       # features/RetailOrder.feature:39
 INFO [main] (SignInSteps.java:24)- User is on retail website
  Given User is on retail website                                                # tek.capstone.dragons.steps.SignInSteps.userIsOnRetailWebsite()
 INFO [main] (SignInSteps.java:31)- User clicked on signin option successfully
  When User click on Sign in option                                              # tek.capstone.dragons.steps.SignInSteps.userClickOnSignInOption()
 INFO [main] (SignInSteps.java:40)- bn300@gmail.comemail was entered successfully
 INFO [main] (SignInSteps.java:41)- Bahar@123password was entered successfully
  And User enter email 'bn300@gmail.com' and password 'Bahar@123'                # tek.capstone.dragons.steps.SignInSteps.userEnterEmailAndPassword(java.lang.String,java.lang.String)
 INFO [main] (SignInSteps.java:48)- user was able to login successfully
  And User click on login button                                                 # tek.capstone.dragons.steps.SignInSteps.userClickOnLoginButton()
 INFO [main] (SignInSteps.java:57)- user was able to see the Account and lohout option
  And User should be logged in into Account                                      # tek.capstone.dragons.steps.SignInSteps.userShouldBeLoggedInIntoAccount()
 INFO [main] (RetailOrderSteps.java:159)- User was able to click on orders section
  And User click on Orders section                                               # tek.capstone.dragons.steps.RetailOrderSteps.userClickOnOrdersSection()
 INFO [main] (RetailOrderSteps.java:165)- User was able to click on first order in list successfully
  And User click on first order in list                                          # tek.capstone.dragons.steps.RetailOrderSteps.userClickOnFirstOrderInList()
 INFO [main] (RetailOrderSteps.java:171)- User was able to click on Cancel The Order successfully
  And User click on Cancel The Order button                                      # tek.capstone.dragons.steps.RetailOrderSteps.userClickOnCancelTheOrderButton()
 INFO [main] (RetailOrderSteps.java:178)- User was able to choose the option successfully
  And User select the cancelation Reason "Bought wrong item"                     # tek.capstone.dragons.steps.RetailOrderSteps.userSelectTheCancelationReason(java.lang.String)
 INFO [main] (RetailOrderSteps.java:185)- User was able to click on Cancel Order button  successfully
  And User click on Cancel Order button                                          # tek.capstone.dragons.steps.RetailOrderSteps.userClickOnCancelOrderButton()
 INFO [main] (RetailOrderSteps.java:192)- User was able to see the message
  Then a cancelation message should be displayed ‘Your Order Has Been Cancelled’ # tek.capstone.dragons.steps.RetailOrderSteps.aCancelationMessageShouldBeDisplayedYourOrderHasBeenCancelled()
]]></system-out>
    <system-err><![CDATA[Starting ChromeDriver 114.0.5735.90 (386bc09e8f4f2e025eddae123f36f6263096ae49-refs/branch-heads/5735@{#1052}) on port 17080
Only local connections are allowed.
Please see https://chromedriver.chromium.org/security-considerations for suggestions on keeping ChromeDriver safe.
ChromeDriver was started successfully.
Jun 01, 2023 9:32:23 PM org.openqa.selenium.devtools.CdpVersionFinder findNearestMatch
WARNING: Unable to find an exact match for CDP version 114, so returning the closest version found: 111
]]></system-err>
  </testcase>
  <testcase name="Verify User can Return the order" classname="Retail Order Page" time="55.051">
    <error message="Expected condition failed: waiting for element to be clickable: Proxy element for: DefaultElementLocator &apos;By.id: returnBtn&apos; (tried for 20 second(s) with 500 milliseconds interval)" type="org.openqa.selenium.TimeoutException"><![CDATA[org.openqa.selenium.TimeoutException: Expected condition failed: waiting for element to be clickable: Proxy element for: DefaultElementLocator 'By.id: returnBtn' (tried for 20 second(s) with 500 milliseconds interval)
	at org.openqa.selenium.support.ui.WebDriverWait.timeoutException(WebDriverWait.java:87)
	at org.openqa.selenium.support.ui.FluentWait.until(FluentWait.java:231)
	at tek.capstone.dragons.utilities.CommonUtility.waitTillClickable(CommonUtility.java:28)
	at tek.capstone.dragons.utilities.CommonUtility.click(CommonUtility.java:44)
	at tek.capstone.dragons.steps.RetailOrderSteps.userClickOnReturnItemsButton(RetailOrderSteps.java:204)
	at ✽.User click on Return Items button(classpath:features/RetailOrder.feature:63)
Caused by: org.openqa.selenium.NoSuchElementException: no such element: Unable to locate element: {"method":"css selector","selector":"#returnBtn"}
  (Session info: headless chrome=114.0.5735.90)
For documentation on this error, please visit: https://selenium.dev/exceptions/#no_such_element
Build info: version: '4.8.3', revision: 'e5e76298c3'
System info: os.name: 'Mac OS X', os.arch: 'x86_64', os.version: '12.5', java.version: '17.0.5'
Driver info: org.openqa.selenium.chrome.ChromeDriver
Command: [d4f60496f280f46c7e031a3ecb78a253, findElement {using=id, value=returnBtn}]
Capabilities {acceptInsecureCerts: false, browserName: chrome, browserVersion: 114.0.5735.90, chrome: {chromedriverVersion: 114.0.5735.90 (386bc09e8f4f..., userDataDir: /var/folders/04/_v95klq16f5...}, goog:chromeOptions: {debuggerAddress: localhost:54261}, networkConnectionEnabled: false, pageLoadStrategy: normal, platformName: MAC, proxy: Proxy(), se:cdp: ws://localhost:54261/devtoo..., se:cdpVersion: 114.0.5735.90, setWindowRect: true, strictFileInteractability: false, timeouts: {implicit: 0, pageLoad: 300000, script: 30000}, unhandledPromptBehavior: dismiss and notify, webauthn:extension:credBlob: true, webauthn:extension:largeBlob: true, webauthn:extension:minPinLength: true, webauthn:extension:prf: true, webauthn:virtualAuthenticators: true}
Session ID: d4f60496f280f46c7e031a3ecb78a253
	at java.base/jdk.internal.reflect.NativeConstructorAccessorImpl.newInstance0(Native Method)
	at java.base/jdk.internal.reflect.NativeConstructorAccessorImpl.newInstance(NativeConstructorAccessorImpl.java:77)
	at java.base/jdk.internal.reflect.DelegatingConstructorAccessorImpl.newInstance(DelegatingConstructorAccessorImpl.java:45)
	at java.base/java.lang.reflect.Constructor.newInstanceWithCaller(Constructor.java:499)
	at java.base/java.lang.reflect.Constructor.newInstance(Constructor.java:480)
	at org.openqa.selenium.remote.codec.w3c.W3CHttpResponseCodec.createException(W3CHttpResponseCodec.java:200)
	at org.openqa.selenium.remote.codec.w3c.W3CHttpResponseCodec.decode(W3CHttpResponseCodec.java:133)
	at org.openqa.selenium.remote.codec.w3c.W3CHttpResponseCodec.decode(W3CHttpResponseCodec.java:53)
	at org.openqa.selenium.remote.HttpCommandExecutor.execute(HttpCommandExecutor.java:193)
	at org.openqa.selenium.remote.service.DriverCommandExecutor.invokeExecute(DriverCommandExecutor.java:183)
	at org.openqa.selenium.remote.service.DriverCommandExecutor.execute(DriverCommandExecutor.java:158)
	at org.openqa.selenium.remote.RemoteWebDriver.execute(RemoteWebDriver.java:543)
	at org.openqa.selenium.remote.ElementLocation$ElementFinder$2.findElement(ElementLocation.java:162)
	at org.openqa.selenium.remote.ElementLocation.findElement(ElementLocation.java:60)
	at org.openqa.selenium.remote.RemoteWebDriver.findElement(RemoteWebDriver.java:352)
	at org.openqa.selenium.remote.RemoteWebDriver.findElement(RemoteWebDriver.java:344)
	at org.openqa.selenium.support.pagefactory.DefaultElementLocator.findElement(DefaultElementLocator.java:70)
	at org.openqa.selenium.support.pagefactory.internal.LocatingElementHandler.invoke(LocatingElementHandler.java:39)
	at jdk.proxy2/jdk.proxy2.$Proxy25.isEnabled(Unknown Source)
	at org.openqa.selenium.support.ui.ExpectedConditions$23.apply(ExpectedConditions.java:662)
	at org.openqa.selenium.support.ui.ExpectedConditions$23.apply(ExpectedConditions.java:656)
	at org.openqa.selenium.support.ui.FluentWait.until(FluentWait.java:208)
	at tek.capstone.dragons.utilities.CommonUtility.waitTillClickable(CommonUtility.java:28)
	at tek.capstone.dragons.utilities.CommonUtility.click(CommonUtility.java:44)
	at tek.capstone.dragons.steps.RetailOrderSteps.userClickOnReturnItemsButton(RetailOrderSteps.java:204)
	at java.base/jdk.internal.reflect.NativeMethodAccessorImpl.invoke0(Native Method)
	at java.base/jdk.internal.reflect.NativeMethodAccessorImpl.invoke(NativeMethodAccessorImpl.java:77)
	at java.base/jdk.internal.reflect.DelegatingMethodAccessorImpl.invoke(DelegatingMethodAccessorImpl.java:43)
	at java.base/java.lang.reflect.Method.invoke(Method.java:568)
	at io.cucumber.java.Invoker.doInvoke(Invoker.java:66)
	at io.cucumber.java.Invoker.invoke(Invoker.java:24)
	at io.cucumber.java.AbstractGlueDefinition.invokeMethod(AbstractGlueDefinition.java:47)
	at io.cucumber.java.JavaStepDefinition.execute(JavaStepDefinition.java:29)
	at io.cucumber.core.runner.CoreStepDefinition.execute(CoreStepDefinition.java:66)
	at io.cucumber.core.runner.PickleStepDefinitionMatch.runStep(PickleStepDefinitionMatch.java:63)
	at io.cucumber.core.runner.ExecutionMode$1.execute(ExecutionMode.java:10)
	at io.cucumber.core.runner.TestStep.executeStep(TestStep.java:85)
	at io.cucumber.core.runner.TestStep.run(TestStep.java:57)
	at io.cucumber.core.runner.PickleStepTestStep.run(PickleStepTestStep.java:51)
	at io.cucumber.core.runner.TestCase.run(TestCase.java:84)
	at io.cucumber.core.runner.Runner.runPickle(Runner.java:75)
	at io.cucumber.junit.PickleRunners$NoStepDescriptions.lambda$run$0(PickleRunners.java:151)
	at io.cucumber.core.runtime.CucumberExecutionContext.lambda$runTestCase$5(CucumberExecutionContext.java:129)
	at io.cucumber.core.runtime.RethrowingThrowableCollector.executeAndThrow(RethrowingThrowableCollector.java:23)
	at io.cucumber.core.runtime.CucumberExecutionContext.runTestCase(CucumberExecutionContext.java:129)
	at io.cucumber.junit.PickleRunners$NoStepDescriptions.run(PickleRunners.java:148)
	at io.cucumber.junit.FeatureRunner.runChild(FeatureRunner.java:144)
	at io.cucumber.junit.FeatureRunner.runChild(FeatureRunner.java:28)
	at org.junit.runners.ParentRunner$4.run(ParentRunner.java:331)
	at org.junit.runners.ParentRunner$1.schedule(ParentRunner.java:79)
	at org.junit.runners.ParentRunner.runChildren(ParentRunner.java:329)
	at org.junit.runners.ParentRunner.access$100(ParentRunner.java:66)
	at org.junit.runners.ParentRunner$2.evaluate(ParentRunner.java:293)
	at org.junit.runners.ParentRunner$3.evaluate(ParentRunner.java:306)
	at org.junit.runners.ParentRunner.run(ParentRunner.java:413)
	at io.cucumber.junit.FeatureRunner.run(FeatureRunner.java:137)
	at io.cucumber.junit.Cucumber.runChild(Cucumber.java:196)
	at io.cucumber.junit.Cucumber.runChild(Cucumber.java:89)
	at org.junit.runners.ParentRunner$4.run(ParentRunner.java:331)
	at org.junit.runners.ParentRunner$1.schedule(ParentRunner.java:79)
	at org.junit.runners.ParentRunner.runChildren(ParentRunner.java:329)
	at org.junit.runners.ParentRunner.access$100(ParentRunner.java:66)
	at org.junit.runners.ParentRunner$2.evaluate(ParentRunner.java:293)
	at io.cucumber.junit.Cucumber$RunBeforeAllHooks.evaluate(Cucumber.java:266)
	at io.cucumber.junit.Cucumber$RunAfterAllHooks.evaluate(Cucumber.java:281)
	at io.cucumber.junit.Cucumber$StartTestRun.evaluate(Cucumber.java:233)
	at io.cucumber.junit.Cucumber$FinishTestRun.evaluate(Cucumber.java:248)
	at org.junit.runners.ParentRunner$3.evaluate(ParentRunner.java:306)
	at org.junit.runners.ParentRunner.run(ParentRunner.java:413)
	at org.apache.maven.surefire.junit4.JUnit4Provider.execute(JUnit4Provider.java:377)
	at org.apache.maven.surefire.junit4.JUnit4Provider.executeWithRerun(JUnit4Provider.java:284)
	at org.apache.maven.surefire.junit4.JUnit4Provider.executeTestSet(JUnit4Provider.java:248)
	at org.apache.maven.surefire.junit4.JUnit4Provider.invoke(JUnit4Provider.java:167)
	at org.apache.maven.surefire.booter.ForkedBooter.runSuitesInProcess(ForkedBooter.java:456)
	at org.apache.maven.surefire.booter.ForkedBooter.execute(ForkedBooter.java:169)
	at org.apache.maven.surefire.booter.ForkedBooter.run(ForkedBooter.java:595)
	at org.apache.maven.surefire.booter.ForkedBooter.main(ForkedBooter.java:581)
]]></error>
    <system-out><![CDATA[
@Test
Scenario: Verify User can Return the order                               # features/RetailOrder.feature:50
 INFO [main] (SignInSteps.java:24)- User is on retail website
  Given User is on retail website                                        # tek.capstone.dragons.steps.SignInSteps.userIsOnRetailWebsite()
 INFO [main] (SignInSteps.java:31)- User clicked on signin option successfully
  When User click on Sign in option                                      # tek.capstone.dragons.steps.SignInSteps.userClickOnSignInOption()
 INFO [main] (SignInSteps.java:40)- niazi@gmail.comemail was entered successfully
 INFO [main] (SignInSteps.java:41)- Bahar@123password was entered successfully
  And User enter email 'niazi@gmail.com' and password 'Bahar@123'        # tek.capstone.dragons.steps.SignInSteps.userEnterEmailAndPassword(java.lang.String,java.lang.String)
 INFO [main] (RetailOrderSteps.java:198)- User was able to login
  And User click on the login button                                     # tek.capstone.dragons.steps.RetailOrderSteps.userClickOnTheLoginButton()
 INFO [main] (SignInSteps.java:57)- user was able to see the Account and lohout option
  And User should be logged in into Account                              # tek.capstone.dragons.steps.SignInSteps.userShouldBeLoggedInIntoAccount()
 INFO [main] (RetailOrderSteps.java:18)- user was able to change the categgory to Smart Home
  And User change the category to 'Smart Home'                           # tek.capstone.dragons.steps.RetailOrderSteps.userChangeTheCategoryTo(java.lang.String)
 INFO [main] (RetailOrderSteps.java:25)- User was able to search for the item kasa outdoor smart plug
  And User search for an item 'kasa outdoor smart plug'                  # tek.capstone.dragons.steps.RetailOrderSteps.userSearchForAnItem(java.lang.String)
 INFO [main] (RetailOrderSteps.java:32)- search button was clicked successfully
  And User click on Search icon                                          # tek.capstone.dragons.steps.RetailOrderSteps.userClickOnSearchIcon()
 INFO [main] (RetailOrderSteps.java:38)- User clicked the item successfully
  And User click on item                                                 # tek.capstone.dragons.steps.RetailOrderSteps.userClickOnItem()
 INFO [main] (RetailOrderSteps.java:52)- User added to cart successfully
  And User click add to Cart button                                      # tek.capstone.dragons.steps.RetailOrderSteps.userClickAddToCartButton()
 INFO [main] (RetailOrderSteps.java:132)- User was able to click on cart option successfully
  And User click on Cart option                                          # tek.capstone.dragons.steps.RetailOrderSteps.userClickOnCartOption()
 INFO [main] (RetailOrderSteps.java:138)- User was able to click on Proceed to Checkout button successfully
  And User click on Proceed to Checkout button                           # tek.capstone.dragons.steps.RetailOrderSteps.userClickOnProceedToCheckoutButton()
 INFO [main] (RetailOrderSteps.java:144)- User was able to click on Place Your Order successfully 
  And User click on Place Your Order                                     # tek.capstone.dragons.steps.RetailOrderSteps.userClickOnPlaceYourOrder()
 INFO [main] (RetailOrderSteps.java:159)- User was able to click on orders section
  And User click on Orders section                                       # tek.capstone.dragons.steps.RetailOrderSteps.userClickOnOrdersSection()
  And User click on Return Items button                                  # tek.capstone.dragons.steps.RetailOrderSteps.userClickOnReturnItemsButton()
      org.openqa.selenium.TimeoutException: Expected condition failed: waiting for element to be clickable: Proxy element for: DefaultElementLocator 'By.id: returnBtn' (tried for 20 second(s) with 500 milliseconds interval)
	at org.openqa.selenium.support.ui.WebDriverWait.timeoutException(WebDriverWait.java:87)
	at org.openqa.selenium.support.ui.FluentWait.until(FluentWait.java:231)
	at tek.capstone.dragons.utilities.CommonUtility.waitTillClickable(CommonUtility.java:28)
	at tek.capstone.dragons.utilities.CommonUtility.click(CommonUtility.java:44)
	at tek.capstone.dragons.steps.RetailOrderSteps.userClickOnReturnItemsButton(RetailOrderSteps.java:204)
	at ✽.User click on Return Items button(classpath:features/RetailOrder.feature:63)
Caused by: org.openqa.selenium.NoSuchElementException: no such element: Unable to locate element: {"method":"css selector","selector":"#returnBtn"}
  (Session info: headless chrome=114.0.5735.90)
For documentation on this error, please visit: https://selenium.dev/exceptions/#no_such_element
Build info: version: '4.8.3', revision: 'e5e76298c3'
System info: os.name: 'Mac OS X', os.arch: 'x86_64', os.version: '12.5', java.version: '17.0.5'
Driver info: org.openqa.selenium.chrome.ChromeDriver
Command: [d4f60496f280f46c7e031a3ecb78a253, findElement {using=id, value=returnBtn}]
Capabilities {acceptInsecureCerts: false, browserName: chrome, browserVersion: 114.0.5735.90, chrome: {chromedriverVersion: 114.0.5735.90 (386bc09e8f4f..., userDataDir: /var/folders/04/_v95klq16f5...}, goog:chromeOptions: {debuggerAddress: localhost:54261}, networkConnectionEnabled: false, pageLoadStrategy: normal, platformName: MAC, proxy: Proxy(), se:cdp: ws://localhost:54261/devtoo..., se:cdpVersion: 114.0.5735.90, setWindowRect: true, strictFileInteractability: false, timeouts: {implicit: 0, pageLoad: 300000, script: 30000}, unhandledPromptBehavior: dismiss and notify, webauthn:extension:credBlob: true, webauthn:extension:largeBlob: true, webauthn:extension:minPinLength: true, webauthn:extension:prf: true, webauthn:virtualAuthenticators: true}
Session ID: d4f60496f280f46c7e031a3ecb78a253
	at java.base/jdk.internal.reflect.NativeConstructorAccessorImpl.newInstance0(Native Method)
	at java.base/jdk.internal.reflect.NativeConstructorAccessorImpl.newInstance(NativeConstructorAccessorImpl.java:77)
	at java.base/jdk.internal.reflect.DelegatingConstructorAccessorImpl.newInstance(DelegatingConstructorAccessorImpl.java:45)
	at java.base/java.lang.reflect.Constructor.newInstanceWithCaller(Constructor.java:499)
	at java.base/java.lang.reflect.Constructor.newInstance(Constructor.java:480)
	at org.openqa.selenium.remote.codec.w3c.W3CHttpResponseCodec.createException(W3CHttpResponseCodec.java:200)
	at org.openqa.selenium.remote.codec.w3c.W3CHttpResponseCodec.decode(W3CHttpResponseCodec.java:133)
	at org.openqa.selenium.remote.codec.w3c.W3CHttpResponseCodec.decode(W3CHttpResponseCodec.java:53)
	at org.openqa.selenium.remote.HttpCommandExecutor.execute(HttpCommandExecutor.java:193)
	at org.openqa.selenium.remote.service.DriverCommandExecutor.invokeExecute(DriverCommandExecutor.java:183)
	at org.openqa.selenium.remote.service.DriverCommandExecutor.execute(DriverCommandExecutor.java:158)
	at org.openqa.selenium.remote.RemoteWebDriver.execute(RemoteWebDriver.java:543)
	at org.openqa.selenium.remote.ElementLocation$ElementFinder$2.findElement(ElementLocation.java:162)
	at org.openqa.selenium.remote.ElementLocation.findElement(ElementLocation.java:60)
	at org.openqa.selenium.remote.RemoteWebDriver.findElement(RemoteWebDriver.java:352)
	at org.openqa.selenium.remote.RemoteWebDriver.findElement(RemoteWebDriver.java:344)
	at org.openqa.selenium.support.pagefactory.DefaultElementLocator.findElement(DefaultElementLocator.java:70)
	at org.openqa.selenium.support.pagefactory.internal.LocatingElementHandler.invoke(LocatingElementHandler.java:39)
	at jdk.proxy2/jdk.proxy2.$Proxy25.isEnabled(Unknown Source)
	at org.openqa.selenium.support.ui.ExpectedConditions$23.apply(ExpectedConditions.java:662)
	at org.openqa.selenium.support.ui.ExpectedConditions$23.apply(ExpectedConditions.java:656)
	at org.openqa.selenium.support.ui.FluentWait.until(FluentWait.java:208)
	at tek.capstone.dragons.utilities.CommonUtility.waitTillClickable(CommonUtility.java:28)
	at tek.capstone.dragons.utilities.CommonUtility.click(CommonUtility.java:44)
	at tek.capstone.dragons.steps.RetailOrderSteps.userClickOnReturnItemsButton(RetailOrderSteps.java:204)
	at java.base/jdk.internal.reflect.NativeMethodAccessorImpl.invoke0(Native Method)
	at java.base/jdk.internal.reflect.NativeMethodAccessorImpl.invoke(NativeMethodAccessorImpl.java:77)
	at java.base/jdk.internal.reflect.DelegatingMethodAccessorImpl.invoke(DelegatingMethodAccessorImpl.java:43)
	at java.base/java.lang.reflect.Method.invoke(Method.java:568)
	at io.cucumber.java.Invoker.doInvoke(Invoker.java:66)
	at io.cucumber.java.Invoker.invoke(Invoker.java:24)
	at io.cucumber.java.AbstractGlueDefinition.invokeMethod(AbstractGlueDefinition.java:47)
	at io.cucumber.java.JavaStepDefinition.execute(JavaStepDefinition.java:29)
	at io.cucumber.core.runner.CoreStepDefinition.execute(CoreStepDefinition.java:66)
	at io.cucumber.core.runner.PickleStepDefinitionMatch.runStep(PickleStepDefinitionMatch.java:63)
	at io.cucumber.core.runner.ExecutionMode$1.execute(ExecutionMode.java:10)
	at io.cucumber.core.runner.TestStep.executeStep(TestStep.java:85)
	at io.cucumber.core.runner.TestStep.run(TestStep.java:57)
	at io.cucumber.core.runner.PickleStepTestStep.run(PickleStepTestStep.java:51)
	at io.cucumber.core.runner.TestCase.run(TestCase.java:84)
	at io.cucumber.core.runner.Runner.runPickle(Runner.java:75)
	at io.cucumber.junit.PickleRunners$NoStepDescriptions.lambda$run$0(PickleRunners.java:151)
	at io.cucumber.core.runtime.CucumberExecutionContext.lambda$runTestCase$5(CucumberExecutionContext.java:129)
	at io.cucumber.core.runtime.RethrowingThrowableCollector.executeAndThrow(RethrowingThrowableCollector.java:23)
	at io.cucumber.core.runtime.CucumberExecutionContext.runTestCase(CucumberExecutionContext.java:129)
	at io.cucumber.junit.PickleRunners$NoStepDescriptions.run(PickleRunners.java:148)
	at io.cucumber.junit.FeatureRunner.runChild(FeatureRunner.java:144)
	at io.cucumber.junit.FeatureRunner.runChild(FeatureRunner.java:28)
	at org.junit.runners.ParentRunner$4.run(ParentRunner.java:331)
	at org.junit.runners.ParentRunner$1.schedule(ParentRunner.java:79)
	at org.junit.runners.ParentRunner.runChildren(ParentRunner.java:329)
	at org.junit.runners.ParentRunner.access$100(ParentRunner.java:66)
	at org.junit.runners.ParentRunner$2.evaluate(ParentRunner.java:293)
	at org.junit.runners.ParentRunner$3.evaluate(ParentRunner.java:306)
	at org.junit.runners.ParentRunner.run(ParentRunner.java:413)
	at io.cucumber.junit.FeatureRunner.run(FeatureRunner.java:137)
	at io.cucumber.junit.Cucumber.runChild(Cucumber.java:196)
	at io.cucumber.junit.Cucumber.runChild(Cucumber.java:89)
	at org.junit.runners.ParentRunner$4.run(ParentRunner.java:331)
	at org.junit.runners.ParentRunner$1.schedule(ParentRunner.java:79)
	at org.junit.runners.ParentRunner.runChildren(ParentRunner.java:329)
	at org.junit.runners.ParentRunner.access$100(ParentRunner.java:66)
	at org.junit.runners.ParentRunner$2.evaluate(ParentRunner.java:293)
	at io.cucumber.junit.Cucumber$RunBeforeAllHooks.evaluate(Cucumber.java:266)
	at io.cucumber.junit.Cucumber$RunAfterAllHooks.evaluate(Cucumber.java:281)
	at io.cucumber.junit.Cucumber$StartTestRun.evaluate(Cucumber.java:233)
	at io.cucumber.junit.Cucumber$FinishTestRun.evaluate(Cucumber.java:248)
	at org.junit.runners.ParentRunner$3.evaluate(ParentRunner.java:306)
	at org.junit.runners.ParentRunner.run(ParentRunner.java:413)
	at org.apache.maven.surefire.junit4.JUnit4Provider.execute(JUnit4Provider.java:377)
	at org.apache.maven.surefire.junit4.JUnit4Provider.executeWithRerun(JUnit4Provider.java:284)
	at org.apache.maven.surefire.junit4.JUnit4Provider.executeTestSet(JUnit4Provider.java:248)
	at org.apache.maven.surefire.junit4.JUnit4Provider.invoke(JUnit4Provider.java:167)
	at org.apache.maven.surefire.booter.ForkedBooter.runSuitesInProcess(ForkedBooter.java:456)
	at org.apache.maven.surefire.booter.ForkedBooter.execute(ForkedBooter.java:169)
	at org.apache.maven.surefire.booter.ForkedBooter.run(ForkedBooter.java:595)
	at org.apache.maven.surefire.booter.ForkedBooter.main(ForkedBooter.java:581)

  And User select the Return Reason "Item damaged"                       # tek.capstone.dragons.steps.RetailOrderSteps.userSelectTheReturnReason(java.lang.String)
  And User select the drop off service "FedEx"                           # tek.capstone.dragons.steps.RetailOrderSteps.userSelectTheDropOffService(java.lang.String)
  And User click on Return Order button                                  # tek.capstone.dragons.steps.RetailOrderSteps.userClickOnReturnOrderButton()
  Then a cancelation message should be displayed "Return was successful" # tek.capstone.dragons.steps.RetailOrderSteps.aCancelationMessageShouldBeDisplayed(java.lang.String)

    Embedding Verify User can Return the orderscenario failed [image/png 90414 bytes]

]]></system-out>
    <system-err><![CDATA[Starting ChromeDriver 114.0.5735.90 (386bc09e8f4f2e025eddae123f36f6263096ae49-refs/branch-heads/5735@{#1052}) on port 17244
Only local connections are allowed.
Please see https://chromedriver.chromium.org/security-considerations for suggestions on keeping ChromeDriver safe.
ChromeDriver was started successfully.
Jun 01, 2023 9:32:35 PM org.openqa.selenium.devtools.CdpVersionFinder findNearestMatch
WARNING: Unable to find an exact match for CDP version 114, so returning the closest version found: 111
]]></system-err>
  </testcase>
  <testcase name="Verify User can write a review on order placed" classname="Retail Order Page" time="14.189">
    <system-out><![CDATA[
@Test
Scenario: Verify User can write a review on order placed                         # features/RetailOrder.feature:69
 INFO [main] (SignInSteps.java:24)- User is on retail website
  Given User is on retail website                                                # tek.capstone.dragons.steps.SignInSteps.userIsOnRetailWebsite()
 INFO [main] (SignInSteps.java:31)- User clicked on signin option successfully
  When User click on Sign in option                                              # tek.capstone.dragons.steps.SignInSteps.userClickOnSignInOption()
 INFO [main] (SignInSteps.java:40)- bn300@gmail.comemail was entered successfully
 INFO [main] (SignInSteps.java:41)- Bahar@123password was entered successfully
  And User enter email 'bn300@gmail.com' and password 'Bahar@123'                # tek.capstone.dragons.steps.SignInSteps.userEnterEmailAndPassword(java.lang.String,java.lang.String)
 INFO [main] (SignInSteps.java:48)- user was able to login successfully
  And User click on login button                                                 # tek.capstone.dragons.steps.SignInSteps.userClickOnLoginButton()
 INFO [main] (SignInSteps.java:57)- user was able to see the Account and lohout option
  And User should be logged in into Account                                      # tek.capstone.dragons.steps.SignInSteps.userShouldBeLoggedInIntoAccount()
 INFO [main] (RetailOrderSteps.java:159)- User was able to click on orders section
  And User click on Orders section                                               # tek.capstone.dragons.steps.RetailOrderSteps.userClickOnOrdersSection()
 INFO [main] (RetailOrderSteps.java:165)- User was able to click on first order in list successfully
  And User click on first order in list                                          # tek.capstone.dragons.steps.RetailOrderSteps.userClickOnFirstOrderInList()
 INFO [main] (RetailOrderSteps.java:238)- User was able to click on review button successfully
  And User click on Review button                                                # tek.capstone.dragons.steps.RetailOrderSteps.userClickOnReviewButton()
 INFO [main] (RetailOrderSteps.java:247)- User was able to write review successfully
  And User write Review headline "headline value" and "review text"              # tek.capstone.dragons.steps.RetailOrderSteps.userWriteReviewHeadlineAnd(java.lang.String,java.lang.String)
 INFO [main] (RetailOrderSteps.java:253)- User was able to add review successfully
  And User click Add your Review button                                          # tek.capstone.dragons.steps.RetailOrderSteps.userClickAddYourReviewButton()
 INFO [main] (RetailOrderSteps.java:266)- User was able to see the message
  Then a review message should be displayed "Your review was added successfully" # tek.capstone.dragons.steps.RetailOrderSteps.aReviewMessageShouldBeDisplayed(java.lang.String)
]]></system-out>
    <system-err><![CDATA[Starting ChromeDriver 114.0.5735.90 (386bc09e8f4f2e025eddae123f36f6263096ae49-refs/branch-heads/5735@{#1052}) on port 24335
Only local connections are allowed.
Please see https://chromedriver.chromium.org/security-considerations for suggestions on keeping ChromeDriver safe.
ChromeDriver was started successfully.
Jun 01, 2023 9:33:30 PM org.openqa.selenium.devtools.CdpVersionFinder findNearestMatch
WARNING: Unable to find an exact match for CDP version 114, so returning the closest version found: 111
]]></system-err>
  </testcase>
  <testcase name="Verify user can sign in into Retail Application" classname="Sign in/Sign Up Features" time="9.082">
    <system-out><![CDATA[
@Test
Scenario: Verify user can sign in into Retail Application         # features/SignIn.feature:8
 INFO [main] (SignInSteps.java:24)- User is on retail website
  Given User is on retail website                                 # tek.capstone.dragons.steps.SignInSteps.userIsOnRetailWebsite()
 INFO [main] (SignInSteps.java:31)- User clicked on signin option successfully
  When User click on Sign in option                               # tek.capstone.dragons.steps.SignInSteps.userClickOnSignInOption()
 INFO [main] (SignInSteps.java:40)- bn200@gmail.comemail was entered successfully
 INFO [main] (SignInSteps.java:41)- Bahar@123password was entered successfully
  And User enter email 'bn200@gmail.com' and password 'Bahar@123' # tek.capstone.dragons.steps.SignInSteps.userEnterEmailAndPassword(java.lang.String,java.lang.String)
 INFO [main] (SignInSteps.java:48)- user was able to login successfully
  And User click on login button                                  # tek.capstone.dragons.steps.SignInSteps.userClickOnLoginButton()
 INFO [main] (SignInSteps.java:57)- user was able to see the Account and lohout option
  Then User should be logged in into Account                      # tek.capstone.dragons.steps.SignInSteps.userShouldBeLoggedInIntoAccount()
]]></system-out>
    <system-err><![CDATA[Starting ChromeDriver 114.0.5735.90 (386bc09e8f4f2e025eddae123f36f6263096ae49-refs/branch-heads/5735@{#1052}) on port 46490
Only local connections are allowed.
Please see https://chromedriver.chromium.org/security-considerations for suggestions on keeping ChromeDriver safe.
ChromeDriver was started successfully.
Jun 01, 2023 9:33:44 PM org.openqa.selenium.devtools.CdpVersionFinder findNearestMatch
WARNING: Unable to find an exact match for CDP version 114, so returning the closest version found: 111
]]></system-err>
  </testcase>
  <testcase name="Verify user can create an account into Retail Website" classname="Sign in/Sign Up Features" time="9.654">
    <system-out><![CDATA[
@Test
Scenario: Verify user can create an account into Retail Website # features/SignIn.feature:13
 INFO [main] (SignInSteps.java:24)- User is on retail website
  Given User is on retail website                               # tek.capstone.dragons.steps.SignInSteps.userIsOnRetailWebsite()
 INFO [main] (SignInSteps.java:31)- User clicked on signin option successfully
  When User click on Sign in option                             # tek.capstone.dragons.steps.SignInSteps.userClickOnSignInOption()
 INFO [main] (SignInSteps.java:69)- New account button was clicked
  And User click on Create New Account button                   # tek.capstone.dragons.steps.SignInSteps.userClickOnCreateNewAccountButton()
 INFO [main] (SignInSteps.java:82)- Registration info entered
  And User fill the signUp information with below data          # tek.capstone.dragons.steps.SignInSteps.userFillTheSignUpInformationWithBelowData(io.cucumber.datatable.DataTable)
    | name | email              | password  | confirmPassword |
    | John | johnN800@gmail.com | John@1234 | John@1234       |
 INFO [main] (SignInSteps.java:89)- Sign up button was clicked
  And User click on SignUp button                               # tek.capstone.dragons.steps.SignInSteps.userClickOnSignUpButton()
 INFO [main] (SignInSteps.java:98)- user was able to see the Account and logout option
  Then User should be logged into account page                  # tek.capstone.dragons.steps.SignInSteps.userShouldBeLoggedIntoAccountPage()
]]></system-out>
    <system-err><![CDATA[Starting ChromeDriver 114.0.5735.90 (386bc09e8f4f2e025eddae123f36f6263096ae49-refs/branch-heads/5735@{#1052}) on port 14812
Only local connections are allowed.
Please see https://chromedriver.chromium.org/security-considerations for suggestions on keeping ChromeDriver safe.
ChromeDriver was started successfully.
Jun 01, 2023 9:33:53 PM org.openqa.selenium.devtools.CdpVersionFinder findNearestMatch
WARNING: Unable to find an exact match for CDP version 114, so returning the closest version found: 111
]]></system-err>
  </testcase>
</testsuite>